Started GET "/" for ::1 at 2017-05-29 10:11:07 +0530
  
ActiveRecord::PendingMigrationError (

Migrations are pending. To resolve this issue, run:

	bin/rails db:migrate RAILS_ENV=development

):
  
activerecord (5.0.0) lib/active_record/migration.rb:572:in `check_pending!'
activerecord (5.0.0) lib/active_record/migration.rb:548:in `call'
actionpack (5.0.0) lib/action_dispatch/middleware/callbacks.rb:38:in `block in call'
activesupport (5.0.0) lib/active_support/callbacks.rb:97:in `__run_callbacks__'
activesupport (5.0.0) lib/active_support/callbacks.rb:750:in `_run_call_callbacks'
activesupport (5.0.0) lib/active_support/callbacks.rb:90:in `run_callbacks'
actionpack (5.0.0) lib/action_dispatch/middleware/callbacks.rb:36:in `call'
actionpack (5.0.0) lib/action_dispatch/middleware/executor.rb:12:in `call'
actionpack (5.0.0) lib/action_dispatch/middleware/remote_ip.rb:79:in `call'
actionpack (5.0.0) lib/action_dispatch/middleware/debug_exceptions.rb:49:in `call'
web-console (3.3.1) lib/web_console/middleware.rb:131:in `call_app'
web-console (3.3.1) lib/web_console/middleware.rb:28:in `block in call'
web-console (3.3.1) lib/web_console/middleware.rb:18:in `catch'
web-console (3.3.1) lib/web_console/middleware.rb:18:in `call'
actionpack (5.0.0) lib/action_dispatch/middleware/show_exceptions.rb:31:in `call'
railties (5.0.0) lib/rails/rack/logger.rb:36:in `call_app'
railties (5.0.0) lib/rails/rack/logger.rb:24:in `block in call'
activesupport (5.0.0) lib/active_support/tagged_logging.rb:70:in `block in tagged'
activesupport (5.0.0) lib/active_support/tagged_logging.rb:26:in `tagged'
activesupport (5.0.0) lib/active_support/tagged_logging.rb:70:in `tagged'
railties (5.0.0) lib/rails/rack/logger.rb:24:in `call'
sprockets-rails (3.1.1) lib/sprockets/rails/quiet_assets.rb:13:in `call'
actionpack (5.0.0) lib/action_dispatch/middleware/request_id.rb:24:in `call'
rack (2.0.1) lib/rack/method_override.rb:22:in `call'
rack (2.0.1) lib/rack/runtime.rb:22:in `call'
activesupport (5.0.0) lib/active_support/cache/strategy/local_cache_middleware.rb:28:in `call'
actionpack (5.0.0) lib/action_dispatch/middleware/executor.rb:12:in `call'
actionpack (5.0.0) lib/action_dispatch/middleware/static.rb:136:in `call'
rack (2.0.1) lib/rack/sendfile.rb:111:in `call'
railties (5.0.0) lib/rails/engine.rb:522:in `call'
puma (3.6.0) lib/puma/configuration.rb:225:in `call'
puma (3.6.0) lib/puma/server.rb:578:in `handle_request'
puma (3.6.0) lib/puma/server.rb:415:in `process_client'
puma (3.6.0) lib/puma/server.rb:275:in `block in run'
puma (3.6.0) lib/puma/thread_pool.rb:116:in `block in spawn_thread'
  Rendering /Users/Dharuneesh/.rvm/gems/ruby-2.3.0/gems/actionpack-5.0.0/lib/action_dispatch/middleware/templates/rescues/diagnostics.html.erb within rescues/layout
  Rendering /Users/Dharuneesh/.rvm/gems/ruby-2.3.0/gems/actionpack-5.0.0/lib/action_dispatch/middleware/templates/rescues/_source.html.erb
  Rendered /Users/Dharuneesh/.rvm/gems/ruby-2.3.0/gems/actionpack-5.0.0/lib/action_dispatch/middleware/templates/rescues/_source.html.erb (2.0ms)
  Rendering /Users/Dharuneesh/.rvm/gems/ruby-2.3.0/gems/actionpack-5.0.0/lib/action_dispatch/middleware/templates/rescues/_trace.html.erb
  Rendered /Users/Dharuneesh/.rvm/gems/ruby-2.3.0/gems/actionpack-5.0.0/lib/action_dispatch/middleware/templates/rescues/_trace.html.erb (1.7ms)
  Rendering /Users/Dharuneesh/.rvm/gems/ruby-2.3.0/gems/actionpack-5.0.0/lib/action_dispatch/middleware/templates/rescues/_request_and_response.html.erb
  Rendered /Users/Dharuneesh/.rvm/gems/ruby-2.3.0/gems/actionpack-5.0.0/lib/action_dispatch/middleware/templates/rescues/_request_and_response.html.erb (1.1ms)
  Rendered /Users/Dharuneesh/.rvm/gems/ruby-2.3.0/gems/actionpack-5.0.0/lib/action_dispatch/middleware/templates/rescues/diagnostics.html.erb within rescues/layout (114.4ms)
  [1m[35m (4.0ms)[0m  [1m[35mCREATE TABLE "users" ("id" INTEGER PRIMARY KEY AUTOINCREMENT NOT NULL, "email" varchar DEFAULT '' NOT NULL, "encrypted_password" varchar DEFAULT '' NOT NULL, "reset_password_token" varchar, "reset_password_sent_at" datetime, "remember_created_at" datetime, "sign_in_count" integer DEFAULT 0 NOT NULL, "current_sign_in_at" datetime, "last_sign_in_at" datetime, "current_sign_in_ip" varchar, "last_sign_in_ip" varchar, "created_at" datetime NOT NULL, "updated_at" datetime NOT NULL, "first_name" varchar, "last_name" varchar)[0m
  [1m[35m (2.8ms)[0m  [1m[34mselect sqlite_version(*)[0m
  [1m[35m (4.0ms)[0m  [1m[35mCREATE UNIQUE INDEX "index_users_on_email" ON "users" ("email")[0m
  [1m[35m (0.3ms)[0m  [1m[34m            SELECT sql
            FROM sqlite_master
            WHERE name='index_users_on_email' AND type='index'
            UNION ALL
            SELECT sql
            FROM sqlite_temp_master
            WHERE name='index_users_on_email' AND type='index'
[0m
  [1m[35m (3.0ms)[0m  [1m[35mCREATE UNIQUE INDEX "index_users_on_reset_password_token" ON "users" ("reset_password_token")[0m
  [1m[35m (3.3ms)[0m  [1m[35mCREATE TABLE "schema_migrations" ("version" varchar NOT NULL PRIMARY KEY)[0m
  [1m[35m (0.2ms)[0m  [1m[34mSELECT version FROM "schema_migrations"[0m
  [1m[35m (3.1ms)[0m  [1m[32mINSERT INTO "schema_migrations" (version) VALUES ('20160812162002')[0m
  [1m[35m (4.0ms)[0m  [1m[32mINSERT INTO schema_migrations (version) VALUES ('20160812161433');

[0m
  [1m[35m (2.9ms)[0m  [1m[35mCREATE TABLE "ar_internal_metadata" ("key" varchar NOT NULL PRIMARY KEY, "value" varchar, "created_at" datetime NOT NULL, "updated_at" datetime NOT NULL)[0m
  [1m[36mActiveRecord::InternalMetadata Load (0.3ms)[0m  [1m[34mSELECT  "ar_internal_metadata".* FROM "ar_internal_metadata" WHERE "ar_internal_metadata"."key" = ? LIMIT ?[0m  [["key", :environment], ["LIMIT", 1]]
  [1m[35m (0.1ms)[0m  [1m[36mbegin transaction[0m
  [1m[35mSQL (0.3ms)[0m  [1m[32mINSERT INTO "ar_internal_metadata" ("key", "value", "created_at", "updated_at") VALUES (?, ?, ?, ?)[0m  [["key", "environment"], ["value", "development"], ["created_at", 2017-05-29 04:41:34 UTC], ["updated_at", 2017-05-29 04:41:34 UTC]]
  [1m[35m (2.5ms)[0m  [1m[36mcommit transaction[0m
  [1m[36mActiveRecord::InternalMetadata Load (0.1ms)[0m  [1m[34mSELECT  "ar_internal_metadata".* FROM "ar_internal_metadata" WHERE "ar_internal_metadata"."key" = ? LIMIT ?[0m  [["key", :environment], ["LIMIT", 1]]
  [1m[35m (0.1ms)[0m  [1m[36mbegin transaction[0m
  [1m[35m (0.1ms)[0m  [1m[36mcommit transaction[0m
  [1m[35m (2.9ms)[0m  [1m[35mCREATE TABLE "users" ("id" INTEGER PRIMARY KEY AUTOINCREMENT NOT NULL, "email" varchar DEFAULT '' NOT NULL, "encrypted_password" varchar DEFAULT '' NOT NULL, "reset_password_token" varchar, "reset_password_sent_at" datetime, "remember_created_at" datetime, "sign_in_count" integer DEFAULT 0 NOT NULL, "current_sign_in_at" datetime, "last_sign_in_at" datetime, "current_sign_in_ip" varchar, "last_sign_in_ip" varchar, "created_at" datetime NOT NULL, "updated_at" datetime NOT NULL, "first_name" varchar, "last_name" varchar)[0m
  [1m[35m (0.1ms)[0m  [1m[34mselect sqlite_version(*)[0m
  [1m[35m (4.0ms)[0m  [1m[35mCREATE UNIQUE INDEX "index_users_on_email" ON "users" ("email")[0m
  [1m[35m (0.1ms)[0m  [1m[34m            SELECT sql
            FROM sqlite_master
            WHERE name='index_users_on_email' AND type='index'
            UNION ALL
            SELECT sql
            FROM sqlite_temp_master
            WHERE name='index_users_on_email' AND type='index'
[0m
  [1m[35m (3.7ms)[0m  [1m[35mCREATE UNIQUE INDEX "index_users_on_reset_password_token" ON "users" ("reset_password_token")[0m
  [1m[35m (3.8ms)[0m  [1m[35mCREATE TABLE "schema_migrations" ("version" varchar NOT NULL PRIMARY KEY)[0m
  [1m[35m (0.2ms)[0m  [1m[34mSELECT version FROM "schema_migrations"[0m
  [1m[35m (3.6ms)[0m  [1m[32mINSERT INTO "schema_migrations" (version) VALUES ('20160812162002')[0m
  [1m[35m (3.8ms)[0m  [1m[32mINSERT INTO schema_migrations (version) VALUES ('20160812161433');

[0m
  [1m[35m (3.1ms)[0m  [1m[35mCREATE TABLE "ar_internal_metadata" ("key" varchar NOT NULL PRIMARY KEY, "value" varchar, "created_at" datetime NOT NULL, "updated_at" datetime NOT NULL)[0m
  [1m[36mActiveRecord::InternalMetadata Load (0.2ms)[0m  [1m[34mSELECT  "ar_internal_metadata".* FROM "ar_internal_metadata" WHERE "ar_internal_metadata"."key" = ? LIMIT ?[0m  [["key", :environment], ["LIMIT", 1]]
  [1m[35m (0.1ms)[0m  [1m[36mbegin transaction[0m
  [1m[35mSQL (0.4ms)[0m  [1m[32mINSERT INTO "ar_internal_metadata" ("key", "value", "created_at", "updated_at") VALUES (?, ?, ?, ?)[0m  [["key", "environment"], ["value", "development"], ["created_at", 2017-05-29 04:41:34 UTC], ["updated_at", 2017-05-29 04:41:34 UTC]]
  [1m[35m (2.5ms)[0m  [1m[36mcommit transaction[0m
  [1m[36mActiveRecord::InternalMetadata Load (0.3ms)[0m  [1m[34mSELECT  "ar_internal_metadata".* FROM "ar_internal_metadata" WHERE "ar_internal_metadata"."key" = ? LIMIT ?[0m  [["key", :environment], ["LIMIT", 1]]
  [1m[35m (0.1ms)[0m  [1m[36mbegin transaction[0m
  [1m[35m (0.0ms)[0m  [1m[36mcommit transaction[0m
  [1m[36mActiveRecord::SchemaMigration Load (0.1ms)[0m  [1m[34mSELECT "schema_migrations".* FROM "schema_migrations"[0m
  [1m[36mActiveRecord::SchemaMigration Load (2.4ms)[0m  [1m[34mSELECT "schema_migrations".* FROM "schema_migrations"[0m
  [1m[36mActiveRecord::InternalMetadata Load (2.6ms)[0m  [1m[34mSELECT  "ar_internal_metadata".* FROM "ar_internal_metadata" WHERE "ar_internal_metadata"."key" = ? LIMIT ?[0m  [["key", :environment], ["LIMIT", 1]]
  [1m[35m (0.2ms)[0m  [1m[36mbegin transaction[0m
  [1m[35m (0.1ms)[0m  [1m[36mcommit transaction[0m
  [1m[36mActiveRecord::SchemaMigration Load (0.2ms)[0m  [1m[34mSELECT "schema_migrations".* FROM "schema_migrations"[0m
  [1m[35m (0.2ms)[0m  [1m[34m            SELECT sql
            FROM sqlite_master
            WHERE name='index_users_on_reset_password_token' AND type='index'
            UNION ALL
            SELECT sql
            FROM sqlite_temp_master
            WHERE name='index_users_on_reset_password_token' AND type='index'
[0m
  [1m[35m (0.2ms)[0m  [1m[34m            SELECT sql
            FROM sqlite_master
            WHERE name='index_users_on_email' AND type='index'
            UNION ALL
            SELECT sql
            FROM sqlite_temp_master
            WHERE name='index_users_on_email' AND type='index'
[0m
Started GET "/" for ::1 at 2017-05-29 10:12:07 +0530
  [1m[36mActiveRecord::SchemaMigration Load (2.4ms)[0m  [1m[34mSELECT "schema_migrations".* FROM "schema_migrations"[0m
Processing by ApplicationController#home as HTML
  Rendering application/home.html.slim within layouts/application
  Rendered application/home.html.slim within layouts/application (23.1ms)
  Rendered layouts/_navigation.html.slim (13.8ms)
  Rendered layouts/_notifications.html.slim (6.4ms)
Completed 200 OK in 5109ms (Views: 5074.8ms | ActiveRecord: 0.0ms)


  
ActionController::RoutingError (No route matches [GET] "/assets/regular/lato-regular.woff2"):
  
actionpack (5.0.0) lib/action_dispatch/middleware/debug_exceptions.rb:53:in `call'
web-console (3.3.1) lib/web_console/middleware.rb:131:in `call_app'
web-console (3.3.1) lib/web_console/middleware.rb:28:in `block in call'
web-console (3.3.1) lib/web_console/middleware.rb:18:in `catch'
web-console (3.3.1) lib/web_console/middleware.rb:18:in `call'
actionpack (5.0.0) lib/action_dispatch/middleware/show_exceptions.rb:31:in `call'
railties (5.0.0) lib/rails/rack/logger.rb:36:in `call_app'
railties (5.0.0) lib/rails/rack/logger.rb:24:in `block in call'
activesupport (5.0.0) lib/active_support/tagged_logging.rb:70:in `block in tagged'
activesupport (5.0.0) lib/active_support/tagged_logging.rb:26:in `tagged'
activesupport (5.0.0) lib/active_support/tagged_logging.rb:70:in `tagged'
railties (5.0.0) lib/rails/rack/logger.rb:24:in `call'
sprockets-rails (3.1.1) lib/sprockets/rails/quiet_assets.rb:11:in `block in call'
activesupport (5.0.0) lib/active_support/logger_silence.rb:20:in `silence'
activesupport (5.0.0) lib/active_support/logger.rb:63:in `block (3 levels) in broadcast'
activesupport (5.0.0) lib/active_support/logger_silence.rb:20:in `silence'
activesupport (5.0.0) lib/active_support/logger.rb:61:in `block (2 levels) in broadcast'
sprockets-rails (3.1.1) lib/sprockets/rails/quiet_assets.rb:11:in `call'
actionpack (5.0.0) lib/action_dispatch/middleware/request_id.rb:24:in `call'
rack (2.0.1) lib/rack/method_override.rb:22:in `call'
rack (2.0.1) lib/rack/runtime.rb:22:in `call'
activesupport (5.0.0) lib/active_support/cache/strategy/local_cache_middleware.rb:28:in `call'
actionpack (5.0.0) lib/action_dispatch/middleware/executor.rb:12:in `call'
actionpack (5.0.0) lib/action_dispatch/middleware/static.rb:136:in `call'
rack (2.0.1) lib/rack/sendfile.rb:111:in `call'
railties (5.0.0) lib/rails/engine.rb:522:in `call'
puma (3.6.0) lib/puma/configuration.rb:225:in `call'
puma (3.6.0) lib/puma/server.rb:578:in `handle_request'
puma (3.6.0) lib/puma/server.rb:415:in `process_client'
puma (3.6.0) lib/puma/server.rb:275:in `block in run'
puma (3.6.0) lib/puma/thread_pool.rb:116:in `block in spawn_thread'
  
ActionController::RoutingError (No route matches [GET] "/assets/regular/lato-regular.woff"):
  
actionpack (5.0.0) lib/action_dispatch/middleware/debug_exceptions.rb:53:in `call'
web-console (3.3.1) lib/web_console/middleware.rb:131:in `call_app'
web-console (3.3.1) lib/web_console/middleware.rb:28:in `block in call'
web-console (3.3.1) lib/web_console/middleware.rb:18:in `catch'
web-console (3.3.1) lib/web_console/middleware.rb:18:in `call'
actionpack (5.0.0) lib/action_dispatch/middleware/show_exceptions.rb:31:in `call'
railties (5.0.0) lib/rails/rack/logger.rb:36:in `call_app'
railties (5.0.0) lib/rails/rack/logger.rb:24:in `block in call'
activesupport (5.0.0) lib/active_support/tagged_logging.rb:70:in `block in tagged'
activesupport (5.0.0) lib/active_support/tagged_logging.rb:26:in `tagged'
activesupport (5.0.0) lib/active_support/tagged_logging.rb:70:in `tagged'
railties (5.0.0) lib/rails/rack/logger.rb:24:in `call'
sprockets-rails (3.1.1) lib/sprockets/rails/quiet_assets.rb:11:in `block in call'
activesupport (5.0.0) lib/active_support/logger_silence.rb:20:in `silence'
activesupport (5.0.0) lib/active_support/logger.rb:63:in `block (3 levels) in broadcast'
activesupport (5.0.0) lib/active_support/logger_silence.rb:20:in `silence'
activesupport (5.0.0) lib/active_support/logger.rb:61:in `block (2 levels) in broadcast'
sprockets-rails (3.1.1) lib/sprockets/rails/quiet_assets.rb:11:in `call'
actionpack (5.0.0) lib/action_dispatch/middleware/request_id.rb:24:in `call'
rack (2.0.1) lib/rack/method_override.rb:22:in `call'
rack (2.0.1) lib/rack/runtime.rb:22:in `call'
activesupport (5.0.0) lib/active_support/cache/strategy/local_cache_middleware.rb:28:in `call'
actionpack (5.0.0) lib/action_dispatch/middleware/executor.rb:12:in `call'
actionpack (5.0.0) lib/action_dispatch/middleware/static.rb:136:in `call'
rack (2.0.1) lib/rack/sendfile.rb:111:in `call'
railties (5.0.0) lib/rails/engine.rb:522:in `call'
puma (3.6.0) lib/puma/configuration.rb:225:in `call'
puma (3.6.0) lib/puma/server.rb:578:in `handle_request'
puma (3.6.0) lib/puma/server.rb:415:in `process_client'
puma (3.6.0) lib/puma/server.rb:275:in `block in run'
puma (3.6.0) lib/puma/thread_pool.rb:116:in `block in spawn_thread'
  
ActionController::RoutingError (No route matches [GET] "/assets/regular/lato-regular.ttf"):
  
actionpack (5.0.0) lib/action_dispatch/middleware/debug_exceptions.rb:53:in `call'
web-console (3.3.1) lib/web_console/middleware.rb:131:in `call_app'
web-console (3.3.1) lib/web_console/middleware.rb:28:in `block in call'
web-console (3.3.1) lib/web_console/middleware.rb:18:in `catch'
web-console (3.3.1) lib/web_console/middleware.rb:18:in `call'
actionpack (5.0.0) lib/action_dispatch/middleware/show_exceptions.rb:31:in `call'
railties (5.0.0) lib/rails/rack/logger.rb:36:in `call_app'
railties (5.0.0) lib/rails/rack/logger.rb:24:in `block in call'
activesupport (5.0.0) lib/active_support/tagged_logging.rb:70:in `block in tagged'
activesupport (5.0.0) lib/active_support/tagged_logging.rb:26:in `tagged'
activesupport (5.0.0) lib/active_support/tagged_logging.rb:70:in `tagged'
railties (5.0.0) lib/rails/rack/logger.rb:24:in `call'
sprockets-rails (3.1.1) lib/sprockets/rails/quiet_assets.rb:11:in `block in call'
activesupport (5.0.0) lib/active_support/logger_silence.rb:20:in `silence'
activesupport (5.0.0) lib/active_support/logger.rb:63:in `block (3 levels) in broadcast'
activesupport (5.0.0) lib/active_support/logger_silence.rb:20:in `silence'
activesupport (5.0.0) lib/active_support/logger.rb:61:in `block (2 levels) in broadcast'
sprockets-rails (3.1.1) lib/sprockets/rails/quiet_assets.rb:11:in `call'
actionpack (5.0.0) lib/action_dispatch/middleware/request_id.rb:24:in `call'
rack (2.0.1) lib/rack/method_override.rb:22:in `call'
rack (2.0.1) lib/rack/runtime.rb:22:in `call'
activesupport (5.0.0) lib/active_support/cache/strategy/local_cache_middleware.rb:28:in `call'
actionpack (5.0.0) lib/action_dispatch/middleware/executor.rb:12:in `call'
actionpack (5.0.0) lib/action_dispatch/middleware/static.rb:136:in `call'
rack (2.0.1) lib/rack/sendfile.rb:111:in `call'
railties (5.0.0) lib/rails/engine.rb:522:in `call'
puma (3.6.0) lib/puma/configuration.rb:225:in `call'
puma (3.6.0) lib/puma/server.rb:578:in `handle_request'
puma (3.6.0) lib/puma/server.rb:415:in `process_client'
puma (3.6.0) lib/puma/server.rb:275:in `block in run'
puma (3.6.0) lib/puma/thread_pool.rb:116:in `block in spawn_thread'
Started GET "/contact" for ::1 at 2017-05-29 10:12:25 +0530
Processing by ApplicationController#contact as HTML
  Rendering application/contact.html.slim within layouts/application
  Rendered application/contact.html.slim within layouts/application (6.5ms)
  Rendered layouts/_navigation.html.slim (7.5ms)
  Rendered layouts/_notifications.html.slim (4.9ms)
Completed 200 OK in 134ms (Views: 128.7ms | ActiveRecord: 0.0ms)


Started GET "/about" for ::1 at 2017-05-29 10:12:27 +0530
Processing by ApplicationController#about as HTML
  Rendering application/about.html.slim within layouts/application
  Rendered application/about.html.slim within layouts/application (4.2ms)
  Rendered layouts/_navigation.html.slim (9.7ms)
  Rendered layouts/_notifications.html.slim (4.5ms)
Completed 200 OK in 126ms (Views: 121.4ms | ActiveRecord: 0.0ms)


Started GET "/" for ::1 at 2017-05-29 10:12:29 +0530
Processing by ApplicationController#home as HTML
  Rendering application/home.html.slim within layouts/application
  Rendered application/home.html.slim within layouts/application (6.1ms)
  Rendered layouts/_navigation.html.slim (5.5ms)
  Rendered layouts/_notifications.html.slim (3.9ms)
Completed 200 OK in 122ms (Views: 117.2ms | ActiveRecord: 0.0ms)


Started GET "/login" for ::1 at 2017-05-29 10:12:32 +0530
Processing by Devise::SessionsController#new as HTML
  Rendering devise/sessions/new.html.slim within layouts/application
  Rendered devise/sessions/new.html.slim within layouts/application (39.7ms)
  Rendered layouts/_navigation.html.slim (14.8ms)
  Rendered layouts/_notifications.html.slim (3.1ms)
Completed 200 OK in 165ms (Views: 130.4ms | ActiveRecord: 1.1ms)


Started GET "/register" for ::1 at 2017-05-29 10:12:36 +0530
Processing by Devise::RegistrationsController#new as HTML
  Rendering devise/registrations/new.html.slim within layouts/application
  Rendered devise/registrations/new.html.slim within layouts/application (23.8ms)
  Rendered layouts/_navigation.html.slim (6.9ms)
  Rendered layouts/_notifications.html.slim (5.2ms)
Completed 200 OK in 131ms (Views: 126.5ms | ActiveRecord: 0.0ms)


Started GET "/login" for ::1 at 2017-05-29 10:12:41 +0530
Processing by Devise::SessionsController#new as HTML
  Rendering devise/sessions/new.html.slim within layouts/application
  Rendered devise/sessions/new.html.slim within layouts/application (17.0ms)
  Rendered layouts/_navigation.html.slim (6.1ms)
  Rendered layouts/_notifications.html.slim (4.4ms)
Completed 200 OK in 157ms (Views: 155.8ms | ActiveRecord: 0.0ms)


Started GET "/" for ::1 at 2017-05-29 10:12:43 +0530
Processing by ApplicationController#home as HTML
  Rendering application/home.html.slim within layouts/application
  Rendered application/home.html.slim within layouts/application (9.1ms)
  Rendered layouts/_navigation.html.slim (9.2ms)
  Rendered layouts/_notifications.html.slim (2.9ms)
Completed 200 OK in 143ms (Views: 140.0ms | ActiveRecord: 0.0ms)


Started GET "/contact" for ::1 at 2017-05-29 10:12:47 +0530
Processing by ApplicationController#contact as HTML
  Rendering application/contact.html.slim within layouts/application
  Rendered application/contact.html.slim within layouts/application (6.5ms)
  Rendered layouts/_navigation.html.slim (8.5ms)
  Rendered layouts/_notifications.html.slim (4.1ms)
Completed 200 OK in 127ms (Views: 124.1ms | ActiveRecord: 0.0ms)


Started GET "/about" for ::1 at 2017-05-29 10:12:48 +0530
Processing by ApplicationController#about as HTML
  Rendering application/about.html.slim within layouts/application
  Rendered application/about.html.slim within layouts/application (8.3ms)
  Rendered layouts/_navigation.html.slim (6.7ms)
  Rendered layouts/_notifications.html.slim (4.1ms)
Completed 200 OK in 144ms (Views: 139.7ms | ActiveRecord: 0.0ms)


Started GET "/login" for ::1 at 2017-05-29 10:12:51 +0530
Processing by Devise::SessionsController#new as HTML
  Rendering devise/sessions/new.html.slim within layouts/application
  Rendered devise/sessions/new.html.slim within layouts/application (16.4ms)
  Rendered layouts/_navigation.html.slim (8.8ms)
  Rendered layouts/_notifications.html.slim (5.7ms)
Completed 200 OK in 155ms (Views: 153.3ms | ActiveRecord: 0.0ms)


Started GET "/register" for ::1 at 2017-05-29 10:12:52 +0530
Processing by Devise::RegistrationsController#new as HTML
  Rendering devise/registrations/new.html.slim within layouts/application
  Rendered devise/registrations/new.html.slim within layouts/application (20.2ms)
  Rendered layouts/_navigation.html.slim (8.0ms)
  Rendered layouts/_notifications.html.slim (3.1ms)
Completed 200 OK in 167ms (Views: 165.1ms | ActiveRecord: 0.0ms)


Started GET "/login" for ::1 at 2017-05-29 10:12:55 +0530
Processing by Devise::SessionsController#new as HTML
  Rendering devise/sessions/new.html.slim within layouts/application
  Rendered devise/sessions/new.html.slim within layouts/application (14.2ms)
  Rendered layouts/_navigation.html.slim (9.2ms)
  Rendered layouts/_notifications.html.slim (12.0ms)
Completed 200 OK in 161ms (Views: 159.1ms | ActiveRecord: 0.0ms)


Started GET "/register" for ::1 at 2017-05-29 10:13:02 +0530
Processing by Devise::RegistrationsController#new as HTML
  Rendering devise/registrations/new.html.slim within layouts/application
  Rendered devise/registrations/new.html.slim within layouts/application (17.6ms)
  Rendered layouts/_navigation.html.slim (7.9ms)
  Rendered layouts/_notifications.html.slim (3.7ms)
Completed 200 OK in 142ms (Views: 141.0ms | ActiveRecord: 0.0ms)


Started GET "/login" for ::1 at 2017-05-29 10:13:03 +0530
Processing by Devise::SessionsController#new as HTML
  Rendering devise/sessions/new.html.slim within layouts/application
  Rendered devise/sessions/new.html.slim within layouts/application (19.6ms)
  Rendered layouts/_navigation.html.slim (8.5ms)
  Rendered layouts/_notifications.html.slim (2.9ms)
Completed 200 OK in 168ms (Views: 166.0ms | ActiveRecord: 0.0ms)


Started GET "/about" for ::1 at 2017-05-29 10:13:05 +0530
Processing by ApplicationController#about as HTML
  Rendering application/about.html.slim within layouts/application
  Rendered application/about.html.slim within layouts/application (6.2ms)
  Rendered layouts/_navigation.html.slim (5.1ms)
  Rendered layouts/_notifications.html.slim (6.0ms)
Completed 200 OK in 136ms (Views: 129.8ms | ActiveRecord: 0.0ms)


Started GET "/contact" for ::1 at 2017-05-29 10:13:06 +0530
Processing by ApplicationController#contact as HTML
  Rendering application/contact.html.slim within layouts/application
  Rendered application/contact.html.slim within layouts/application (6.0ms)
  Rendered layouts/_navigation.html.slim (10.3ms)
  Rendered layouts/_notifications.html.slim (3.6ms)
Completed 200 OK in 136ms (Views: 129.7ms | ActiveRecord: 0.0ms)


Started GET "/" for ::1 at 2017-05-29 10:13:07 +0530
Processing by ApplicationController#home as HTML
  Rendering application/home.html.slim within layouts/application
  Rendered application/home.html.slim within layouts/application (6.6ms)
  Rendered layouts/_navigation.html.slim (8.0ms)
  Rendered layouts/_notifications.html.slim (3.4ms)
Completed 200 OK in 139ms (Views: 132.8ms | ActiveRecord: 0.0ms)


Started GET "/" for ::1 at 2017-05-29 10:13:09 +0530
Processing by ApplicationController#home as HTML
  Rendering application/home.html.slim within layouts/application
  Rendered application/home.html.slim within layouts/application (6.0ms)
  Rendered layouts/_navigation.html.slim (9.1ms)
  Rendered layouts/_notifications.html.slim (3.0ms)
Completed 200 OK in 131ms (Views: 127.1ms | ActiveRecord: 0.0ms)


Started GET "/" for ::1 at 2017-05-31 23:17:49 +0530
  [1m[36mActiveRecord::SchemaMigration Load (4.9ms)[0m  [1m[34mSELECT "schema_migrations".* FROM "schema_migrations"[0m
Processing by ApplicationController#home as HTML
  Rendering application/home.html.slim within layouts/application
  Rendered application/home.html.slim within layouts/application (19.9ms)
  Rendered layouts/_navigation.html.slim (10.5ms)
  Rendered layouts/_notifications.html.slim (4.2ms)
Completed 200 OK in 1091ms (Views: 1063.7ms | ActiveRecord: 0.0ms)


  
ActionController::RoutingError (No route matches [GET] "/assets/regular/lato-regular.woff2"):
  
actionpack (5.0.0) lib/action_dispatch/middleware/debug_exceptions.rb:53:in `call'
web-console (3.3.1) lib/web_console/middleware.rb:131:in `call_app'
web-console (3.3.1) lib/web_console/middleware.rb:28:in `block in call'
web-console (3.3.1) lib/web_console/middleware.rb:18:in `catch'
web-console (3.3.1) lib/web_console/middleware.rb:18:in `call'
actionpack (5.0.0) lib/action_dispatch/middleware/show_exceptions.rb:31:in `call'
railties (5.0.0) lib/rails/rack/logger.rb:36:in `call_app'
railties (5.0.0) lib/rails/rack/logger.rb:24:in `block in call'
activesupport (5.0.0) lib/active_support/tagged_logging.rb:70:in `block in tagged'
activesupport (5.0.0) lib/active_support/tagged_logging.rb:26:in `tagged'
activesupport (5.0.0) lib/active_support/tagged_logging.rb:70:in `tagged'
railties (5.0.0) lib/rails/rack/logger.rb:24:in `call'
sprockets-rails (3.1.1) lib/sprockets/rails/quiet_assets.rb:11:in `block in call'
activesupport (5.0.0) lib/active_support/logger_silence.rb:20:in `silence'
activesupport (5.0.0) lib/active_support/logger.rb:63:in `block (3 levels) in broadcast'
activesupport (5.0.0) lib/active_support/logger_silence.rb:20:in `silence'
activesupport (5.0.0) lib/active_support/logger.rb:61:in `block (2 levels) in broadcast'
sprockets-rails (3.1.1) lib/sprockets/rails/quiet_assets.rb:11:in `call'
actionpack (5.0.0) lib/action_dispatch/middleware/request_id.rb:24:in `call'
rack (2.0.1) lib/rack/method_override.rb:22:in `call'
rack (2.0.1) lib/rack/runtime.rb:22:in `call'
activesupport (5.0.0) lib/active_support/cache/strategy/local_cache_middleware.rb:28:in `call'
actionpack (5.0.0) lib/action_dispatch/middleware/executor.rb:12:in `call'
actionpack (5.0.0) lib/action_dispatch/middleware/static.rb:136:in `call'
rack (2.0.1) lib/rack/sendfile.rb:111:in `call'
railties (5.0.0) lib/rails/engine.rb:522:in `call'
puma (3.6.0) lib/puma/configuration.rb:225:in `call'
puma (3.6.0) lib/puma/server.rb:578:in `handle_request'
puma (3.6.0) lib/puma/server.rb:415:in `process_client'
puma (3.6.0) lib/puma/server.rb:275:in `block in run'
puma (3.6.0) lib/puma/thread_pool.rb:116:in `block in spawn_thread'
  
ActionController::RoutingError (No route matches [GET] "/assets/regular/lato-regular.woff"):
  
actionpack (5.0.0) lib/action_dispatch/middleware/debug_exceptions.rb:53:in `call'
web-console (3.3.1) lib/web_console/middleware.rb:131:in `call_app'
web-console (3.3.1) lib/web_console/middleware.rb:28:in `block in call'
web-console (3.3.1) lib/web_console/middleware.rb:18:in `catch'
web-console (3.3.1) lib/web_console/middleware.rb:18:in `call'
actionpack (5.0.0) lib/action_dispatch/middleware/show_exceptions.rb:31:in `call'
railties (5.0.0) lib/rails/rack/logger.rb:36:in `call_app'
railties (5.0.0) lib/rails/rack/logger.rb:24:in `block in call'
activesupport (5.0.0) lib/active_support/tagged_logging.rb:70:in `block in tagged'
activesupport (5.0.0) lib/active_support/tagged_logging.rb:26:in `tagged'
activesupport (5.0.0) lib/active_support/tagged_logging.rb:70:in `tagged'
railties (5.0.0) lib/rails/rack/logger.rb:24:in `call'
sprockets-rails (3.1.1) lib/sprockets/rails/quiet_assets.rb:11:in `block in call'
activesupport (5.0.0) lib/active_support/logger_silence.rb:20:in `silence'
activesupport (5.0.0) lib/active_support/logger.rb:63:in `block (3 levels) in broadcast'
activesupport (5.0.0) lib/active_support/logger_silence.rb:20:in `silence'
activesupport (5.0.0) lib/active_support/logger.rb:61:in `block (2 levels) in broadcast'
sprockets-rails (3.1.1) lib/sprockets/rails/quiet_assets.rb:11:in `call'
actionpack (5.0.0) lib/action_dispatch/middleware/request_id.rb:24:in `call'
rack (2.0.1) lib/rack/method_override.rb:22:in `call'
rack (2.0.1) lib/rack/runtime.rb:22:in `call'
activesupport (5.0.0) lib/active_support/cache/strategy/local_cache_middleware.rb:28:in `call'
actionpack (5.0.0) lib/action_dispatch/middleware/executor.rb:12:in `call'
actionpack (5.0.0) lib/action_dispatch/middleware/static.rb:136:in `call'
rack (2.0.1) lib/rack/sendfile.rb:111:in `call'
railties (5.0.0) lib/rails/engine.rb:522:in `call'
puma (3.6.0) lib/puma/configuration.rb:225:in `call'
puma (3.6.0) lib/puma/server.rb:578:in `handle_request'
puma (3.6.0) lib/puma/server.rb:415:in `process_client'
puma (3.6.0) lib/puma/server.rb:275:in `block in run'
puma (3.6.0) lib/puma/thread_pool.rb:116:in `block in spawn_thread'
  
ActionController::RoutingError (No route matches [GET] "/assets/regular/lato-regular.ttf"):
  
actionpack (5.0.0) lib/action_dispatch/middleware/debug_exceptions.rb:53:in `call'
web-console (3.3.1) lib/web_console/middleware.rb:131:in `call_app'
web-console (3.3.1) lib/web_console/middleware.rb:28:in `block in call'
web-console (3.3.1) lib/web_console/middleware.rb:18:in `catch'
web-console (3.3.1) lib/web_console/middleware.rb:18:in `call'
actionpack (5.0.0) lib/action_dispatch/middleware/show_exceptions.rb:31:in `call'
railties (5.0.0) lib/rails/rack/logger.rb:36:in `call_app'
railties (5.0.0) lib/rails/rack/logger.rb:24:in `block in call'
activesupport (5.0.0) lib/active_support/tagged_logging.rb:70:in `block in tagged'
activesupport (5.0.0) lib/active_support/tagged_logging.rb:26:in `tagged'
activesupport (5.0.0) lib/active_support/tagged_logging.rb:70:in `tagged'
railties (5.0.0) lib/rails/rack/logger.rb:24:in `call'
sprockets-rails (3.1.1) lib/sprockets/rails/quiet_assets.rb:11:in `block in call'
activesupport (5.0.0) lib/active_support/logger_silence.rb:20:in `silence'
activesupport (5.0.0) lib/active_support/logger.rb:63:in `block (3 levels) in broadcast'
activesupport (5.0.0) lib/active_support/logger_silence.rb:20:in `silence'
activesupport (5.0.0) lib/active_support/logger.rb:61:in `block (2 levels) in broadcast'
sprockets-rails (3.1.1) lib/sprockets/rails/quiet_assets.rb:11:in `call'
actionpack (5.0.0) lib/action_dispatch/middleware/request_id.rb:24:in `call'
rack (2.0.1) lib/rack/method_override.rb:22:in `call'
rack (2.0.1) lib/rack/runtime.rb:22:in `call'
activesupport (5.0.0) lib/active_support/cache/strategy/local_cache_middleware.rb:28:in `call'
actionpack (5.0.0) lib/action_dispatch/middleware/executor.rb:12:in `call'
actionpack (5.0.0) lib/action_dispatch/middleware/static.rb:136:in `call'
rack (2.0.1) lib/rack/sendfile.rb:111:in `call'
railties (5.0.0) lib/rails/engine.rb:522:in `call'
puma (3.6.0) lib/puma/configuration.rb:225:in `call'
puma (3.6.0) lib/puma/server.rb:578:in `handle_request'
puma (3.6.0) lib/puma/server.rb:415:in `process_client'
puma (3.6.0) lib/puma/server.rb:275:in `block in run'
puma (3.6.0) lib/puma/thread_pool.rb:116:in `block in spawn_thread'
Started GET "/contact" for ::1 at 2017-05-31 23:17:56 +0530
Processing by ApplicationController#contact as HTML
  Rendering application/contact.html.slim within layouts/application
  Rendered application/contact.html.slim within layouts/application (9.0ms)
  Rendered layouts/_navigation.html.slim (9.7ms)
  Rendered layouts/_notifications.html.slim (4.7ms)
Completed 200 OK in 120ms (Views: 115.0ms | ActiveRecord: 0.0ms)


Started GET "/about" for ::1 at 2017-05-31 23:17:57 +0530
Processing by ApplicationController#about as HTML
  Rendering application/about.html.slim within layouts/application
  Rendered application/about.html.slim within layouts/application (6.7ms)
  Rendered layouts/_navigation.html.slim (12.4ms)
  Rendered layouts/_notifications.html.slim (3.2ms)
Completed 200 OK in 120ms (Views: 113.2ms | ActiveRecord: 0.0ms)


Started GET "/" for ::1 at 2017-05-31 23:17:59 +0530
Processing by ApplicationController#home as HTML
  Rendering application/home.html.slim within layouts/application
  Rendered application/home.html.slim within layouts/application (7.8ms)
  Rendered layouts/_navigation.html.slim (7.3ms)
  Rendered layouts/_notifications.html.slim (4.9ms)
Completed 200 OK in 128ms (Views: 122.1ms | ActiveRecord: 0.0ms)


Started GET "/login" for ::1 at 2017-05-31 23:18:01 +0530
Processing by Devise::SessionsController#new as HTML
  Rendering devise/sessions/new.html.slim within layouts/application
  Rendered devise/sessions/new.html.slim within layouts/application (43.2ms)
  Rendered layouts/_navigation.html.slim (7.0ms)
  Rendered layouts/_notifications.html.slim (3.5ms)
Completed 200 OK in 197ms (Views: 162.7ms | ActiveRecord: 1.8ms)


Started GET "/register" for ::1 at 2017-05-31 23:18:03 +0530
Processing by Devise::RegistrationsController#new as HTML
  Rendering devise/registrations/new.html.slim within layouts/application
  Rendered devise/registrations/new.html.slim within layouts/application (21.4ms)
  Rendered layouts/_navigation.html.slim (12.9ms)
  Rendered layouts/_notifications.html.slim (5.1ms)
Completed 200 OK in 169ms (Views: 166.4ms | ActiveRecord: 0.0ms)


Started POST "/" for ::1 at 2017-05-31 23:18:48 +0530
Processing by Devise::RegistrationsController#create as HTML
  Parameters: {"utf8"=>"✓", "authenticity_token"=>"HeitXwtOzUSdahbAZY18XjgonQoBDerA9wz9hO1vYtRT+eNn7WOILm+R8airbWw80ydQIUx4q0htxlXF3BvQEQ==", "user"=>{"first_name"=>"naveen", "last_name"=>"kumaar", "email"=>"navi@zoho.com", "password"=>"[FILTERED]", "password_confirmation"=>"[FILTERED]"}, "commit"=>"Register"}
  [1m[35m (0.3ms)[0m  [1m[36mbegin transaction[0m
  [1m[36mUser Exists (2.4ms)[0m  [1m[34mSELECT  1 AS one FROM "users" WHERE "users"."email" = ? LIMIT ?[0m  [["email", "navi@zoho.com"], ["LIMIT", 1]]
  [1m[35mSQL (3.5ms)[0m  [1m[32mINSERT INTO "users" ("email", "encrypted_password", "created_at", "updated_at", "first_name", "last_name") VALUES (?, ?, ?, ?, ?, ?)[0m  [["email", "navi@zoho.com"], ["encrypted_password", "$2a$11$qB4H5sB0obb70gM2kHIvXOkVCI7B.jv5NwifD.rW0YclbvIzLbSJm"], ["created_at", 2017-05-31 17:48:49 UTC], ["updated_at", 2017-05-31 17:48:49 UTC], ["first_name", "naveen"], ["last_name", "kumaar"]]
  [1m[35m (2.7ms)[0m  [1m[36mcommit transaction[0m
  [1m[35m (0.1ms)[0m  [1m[36mbegin transaction[0m
  [1m[35mSQL (0.6ms)[0m  [1m[33mUPDATE "users" SET "sign_in_count" = ?, "current_sign_in_at" = ?, "last_sign_in_at" = ?, "current_sign_in_ip" = ?, "last_sign_in_ip" = ?, "updated_at" = ? WHERE "users"."id" = ?[0m  [["sign_in_count", 1], ["current_sign_in_at", 2017-05-31 17:48:49 UTC], ["last_sign_in_at", 2017-05-31 17:48:49 UTC], ["current_sign_in_ip", "::1"], ["last_sign_in_ip", "::1"], ["updated_at", 2017-05-31 17:48:49 UTC], ["id", 1]]
  [1m[35m (2.4ms)[0m  [1m[36mcommit transaction[0m
Redirected to http://localhost:7000/
Completed 302 Found in 279ms (ActiveRecord: 11.9ms)


Started GET "/" for ::1 at 2017-05-31 23:18:49 +0530
Processing by ApplicationController#home as HTML
  Rendering application/home.html.slim within layouts/application
  Rendered application/home.html.slim within layouts/application (4.3ms)
  [1m[36mUser Load (0.2ms)[0m  [1m[34mSELECT  "users".* FROM "users" WHERE "users"."id" = ? ORDER BY "users"."id" ASC LIMIT ?[0m  [["id", 1], ["LIMIT", 1]]
  Rendered layouts/_navigation.html.slim (6.3ms)
  Rendered layouts/_notifications.html.slim (3.2ms)
Completed 200 OK in 155ms (Views: 149.0ms | ActiveRecord: 0.2ms)


  
ActionController::RoutingError (No route matches [GET] "/assets/regular/lato-regular.woff2"):
  
actionpack (5.0.0) lib/action_dispatch/middleware/debug_exceptions.rb:53:in `call'
web-console (3.3.1) lib/web_console/middleware.rb:131:in `call_app'
web-console (3.3.1) lib/web_console/middleware.rb:28:in `block in call'
web-console (3.3.1) lib/web_console/middleware.rb:18:in `catch'
web-console (3.3.1) lib/web_console/middleware.rb:18:in `call'
actionpack (5.0.0) lib/action_dispatch/middleware/show_exceptions.rb:31:in `call'
railties (5.0.0) lib/rails/rack/logger.rb:36:in `call_app'
railties (5.0.0) lib/rails/rack/logger.rb:24:in `block in call'
activesupport (5.0.0) lib/active_support/tagged_logging.rb:70:in `block in tagged'
activesupport (5.0.0) lib/active_support/tagged_logging.rb:26:in `tagged'
activesupport (5.0.0) lib/active_support/tagged_logging.rb:70:in `tagged'
railties (5.0.0) lib/rails/rack/logger.rb:24:in `call'
sprockets-rails (3.1.1) lib/sprockets/rails/quiet_assets.rb:11:in `block in call'
activesupport (5.0.0) lib/active_support/logger_silence.rb:20:in `silence'
activesupport (5.0.0) lib/active_support/logger.rb:63:in `block (3 levels) in broadcast'
activesupport (5.0.0) lib/active_support/logger_silence.rb:20:in `silence'
activesupport (5.0.0) lib/active_support/logger.rb:61:in `block (2 levels) in broadcast'
sprockets-rails (3.1.1) lib/sprockets/rails/quiet_assets.rb:11:in `call'
actionpack (5.0.0) lib/action_dispatch/middleware/request_id.rb:24:in `call'
rack (2.0.1) lib/rack/method_override.rb:22:in `call'
rack (2.0.1) lib/rack/runtime.rb:22:in `call'
activesupport (5.0.0) lib/active_support/cache/strategy/local_cache_middleware.rb:28:in `call'
actionpack (5.0.0) lib/action_dispatch/middleware/executor.rb:12:in `call'
actionpack (5.0.0) lib/action_dispatch/middleware/static.rb:136:in `call'
rack (2.0.1) lib/rack/sendfile.rb:111:in `call'
railties (5.0.0) lib/rails/engine.rb:522:in `call'
puma (3.6.0) lib/puma/configuration.rb:225:in `call'
puma (3.6.0) lib/puma/server.rb:578:in `handle_request'
puma (3.6.0) lib/puma/server.rb:415:in `process_client'
puma (3.6.0) lib/puma/server.rb:275:in `block in run'
puma (3.6.0) lib/puma/thread_pool.rb:116:in `block in spawn_thread'
  
ActionController::RoutingError (No route matches [GET] "/assets/regular/lato-regular.woff"):
  
actionpack (5.0.0) lib/action_dispatch/middleware/debug_exceptions.rb:53:in `call'
web-console (3.3.1) lib/web_console/middleware.rb:131:in `call_app'
web-console (3.3.1) lib/web_console/middleware.rb:28:in `block in call'
web-console (3.3.1) lib/web_console/middleware.rb:18:in `catch'
web-console (3.3.1) lib/web_console/middleware.rb:18:in `call'
actionpack (5.0.0) lib/action_dispatch/middleware/show_exceptions.rb:31:in `call'
railties (5.0.0) lib/rails/rack/logger.rb:36:in `call_app'
railties (5.0.0) lib/rails/rack/logger.rb:24:in `block in call'
activesupport (5.0.0) lib/active_support/tagged_logging.rb:70:in `block in tagged'
activesupport (5.0.0) lib/active_support/tagged_logging.rb:26:in `tagged'
activesupport (5.0.0) lib/active_support/tagged_logging.rb:70:in `tagged'
railties (5.0.0) lib/rails/rack/logger.rb:24:in `call'
sprockets-rails (3.1.1) lib/sprockets/rails/quiet_assets.rb:11:in `block in call'
activesupport (5.0.0) lib/active_support/logger_silence.rb:20:in `silence'
activesupport (5.0.0) lib/active_support/logger.rb:63:in `block (3 levels) in broadcast'
activesupport (5.0.0) lib/active_support/logger_silence.rb:20:in `silence'
activesupport (5.0.0) lib/active_support/logger.rb:61:in `block (2 levels) in broadcast'
sprockets-rails (3.1.1) lib/sprockets/rails/quiet_assets.rb:11:in `call'
actionpack (5.0.0) lib/action_dispatch/middleware/request_id.rb:24:in `call'
rack (2.0.1) lib/rack/method_override.rb:22:in `call'
rack (2.0.1) lib/rack/runtime.rb:22:in `call'
activesupport (5.0.0) lib/active_support/cache/strategy/local_cache_middleware.rb:28:in `call'
actionpack (5.0.0) lib/action_dispatch/middleware/executor.rb:12:in `call'
actionpack (5.0.0) lib/action_dispatch/middleware/static.rb:136:in `call'
rack (2.0.1) lib/rack/sendfile.rb:111:in `call'
railties (5.0.0) lib/rails/engine.rb:522:in `call'
puma (3.6.0) lib/puma/configuration.rb:225:in `call'
puma (3.6.0) lib/puma/server.rb:578:in `handle_request'
puma (3.6.0) lib/puma/server.rb:415:in `process_client'
puma (3.6.0) lib/puma/server.rb:275:in `block in run'
puma (3.6.0) lib/puma/thread_pool.rb:116:in `block in spawn_thread'
  
ActionController::RoutingError (No route matches [GET] "/assets/regular/lato-regular.ttf"):
  
actionpack (5.0.0) lib/action_dispatch/middleware/debug_exceptions.rb:53:in `call'
web-console (3.3.1) lib/web_console/middleware.rb:131:in `call_app'
web-console (3.3.1) lib/web_console/middleware.rb:28:in `block in call'
web-console (3.3.1) lib/web_console/middleware.rb:18:in `catch'
web-console (3.3.1) lib/web_console/middleware.rb:18:in `call'
actionpack (5.0.0) lib/action_dispatch/middleware/show_exceptions.rb:31:in `call'
railties (5.0.0) lib/rails/rack/logger.rb:36:in `call_app'
railties (5.0.0) lib/rails/rack/logger.rb:24:in `block in call'
activesupport (5.0.0) lib/active_support/tagged_logging.rb:70:in `block in tagged'
activesupport (5.0.0) lib/active_support/tagged_logging.rb:26:in `tagged'
activesupport (5.0.0) lib/active_support/tagged_logging.rb:70:in `tagged'
railties (5.0.0) lib/rails/rack/logger.rb:24:in `call'
sprockets-rails (3.1.1) lib/sprockets/rails/quiet_assets.rb:11:in `block in call'
activesupport (5.0.0) lib/active_support/logger_silence.rb:20:in `silence'
activesupport (5.0.0) lib/active_support/logger.rb:63:in `block (3 levels) in broadcast'
activesupport (5.0.0) lib/active_support/logger_silence.rb:20:in `silence'
activesupport (5.0.0) lib/active_support/logger.rb:61:in `block (2 levels) in broadcast'
sprockets-rails (3.1.1) lib/sprockets/rails/quiet_assets.rb:11:in `call'
actionpack (5.0.0) lib/action_dispatch/middleware/request_id.rb:24:in `call'
rack (2.0.1) lib/rack/method_override.rb:22:in `call'
rack (2.0.1) lib/rack/runtime.rb:22:in `call'
activesupport (5.0.0) lib/active_support/cache/strategy/local_cache_middleware.rb:28:in `call'
actionpack (5.0.0) lib/action_dispatch/middleware/executor.rb:12:in `call'
actionpack (5.0.0) lib/action_dispatch/middleware/static.rb:136:in `call'
rack (2.0.1) lib/rack/sendfile.rb:111:in `call'
railties (5.0.0) lib/rails/engine.rb:522:in `call'
puma (3.6.0) lib/puma/configuration.rb:225:in `call'
puma (3.6.0) lib/puma/server.rb:578:in `handle_request'
puma (3.6.0) lib/puma/server.rb:415:in `process_client'
puma (3.6.0) lib/puma/server.rb:275:in `block in run'
puma (3.6.0) lib/puma/thread_pool.rb:116:in `block in spawn_thread'
Started GET "/secret" for ::1 at 2017-05-31 23:19:00 +0530
Processing by ApplicationController#secret as HTML
  [1m[36mUser Load (0.2ms)[0m  [1m[34mSELECT  "users".* FROM "users" WHERE "users"."id" = ? ORDER BY "users"."id" ASC LIMIT ?[0m  [["id", 1], ["LIMIT", 1]]
  Rendering application/secret.html.slim within layouts/application
  Rendered application/secret.html.slim within layouts/application (5.2ms)
  Rendered layouts/_navigation.html.slim (4.4ms)
  Rendered layouts/_notifications.html.slim (5.4ms)
Completed 200 OK in 100ms (Views: 94.0ms | ActiveRecord: 0.2ms)


Started GET "/" for ::1 at 2017-05-31 23:19:03 +0530
Processing by ApplicationController#home as HTML
  Rendering application/home.html.slim within layouts/application
  Rendered application/home.html.slim within layouts/application (5.0ms)
  [1m[36mUser Load (0.2ms)[0m  [1m[34mSELECT  "users".* FROM "users" WHERE "users"."id" = ? ORDER BY "users"."id" ASC LIMIT ?[0m  [["id", 1], ["LIMIT", 1]]
  Rendered layouts/_navigation.html.slim (6.1ms)
  Rendered layouts/_notifications.html.slim (3.8ms)
Completed 200 OK in 95ms (Views: 91.2ms | ActiveRecord: 0.2ms)


Started GET "/settings" for ::1 at 2017-05-31 23:19:07 +0530
Processing by Devise::RegistrationsController#edit as HTML
  [1m[36mUser Load (0.4ms)[0m  [1m[34mSELECT  "users".* FROM "users" WHERE "users"."id" = ? ORDER BY "users"."id" ASC LIMIT ?[0m  [["id", 1], ["LIMIT", 1]]
  Rendering devise/registrations/edit.html.slim within layouts/application
  Rendered devise/registrations/edit.html.slim within layouts/application (13.1ms)
  Rendered layouts/_navigation.html.slim (19.9ms)
  Rendered layouts/_notifications.html.slim (3.1ms)
Completed 200 OK in 124ms (Views: 121.2ms | ActiveRecord: 0.4ms)


Started DELETE "/logout" for ::1 at 2017-05-31 23:19:14 +0530
Processing by Devise::SessionsController#destroy as HTML
  Parameters: {"authenticity_token"=>"JIG/yoZSXq1mri9w0ResIHkMIoPPCoJsIF9CQnh+DnTmKTsf/UDFBi+eJ2/HKIkBGS2ZU0K/gnU6cDrM02z6jg=="}
  [1m[36mUser Load (0.2ms)[0m  [1m[34mSELECT  "users".* FROM "users" WHERE "users"."id" = ? ORDER BY "users"."id" ASC LIMIT ?[0m  [["id", 1], ["LIMIT", 1]]
  [1m[35m (0.2ms)[0m  [1m[36mbegin transaction[0m
  [1m[35m (0.1ms)[0m  [1m[36mcommit transaction[0m
Redirected to http://localhost:7000/
Completed 302 Found in 14ms (ActiveRecord: 0.5ms)


Started GET "/" for ::1 at 2017-05-31 23:19:14 +0530
Processing by ApplicationController#home as HTML
  Rendering application/home.html.slim within layouts/application
  Rendered application/home.html.slim within layouts/application (3.5ms)
  Rendered layouts/_navigation.html.slim (7.1ms)
  Rendered layouts/_notifications.html.slim (3.1ms)
Completed 200 OK in 92ms (Views: 89.1ms | ActiveRecord: 0.0ms)


  
ActionController::RoutingError (No route matches [GET] "/assets/regular/lato-regular.woff2"):
  
actionpack (5.0.0) lib/action_dispatch/middleware/debug_exceptions.rb:53:in `call'
web-console (3.3.1) lib/web_console/middleware.rb:131:in `call_app'
web-console (3.3.1) lib/web_console/middleware.rb:28:in `block in call'
web-console (3.3.1) lib/web_console/middleware.rb:18:in `catch'
web-console (3.3.1) lib/web_console/middleware.rb:18:in `call'
actionpack (5.0.0) lib/action_dispatch/middleware/show_exceptions.rb:31:in `call'
railties (5.0.0) lib/rails/rack/logger.rb:36:in `call_app'
railties (5.0.0) lib/rails/rack/logger.rb:24:in `block in call'
activesupport (5.0.0) lib/active_support/tagged_logging.rb:70:in `block in tagged'
activesupport (5.0.0) lib/active_support/tagged_logging.rb:26:in `tagged'
activesupport (5.0.0) lib/active_support/tagged_logging.rb:70:in `tagged'
railties (5.0.0) lib/rails/rack/logger.rb:24:in `call'
sprockets-rails (3.1.1) lib/sprockets/rails/quiet_assets.rb:11:in `block in call'
activesupport (5.0.0) lib/active_support/logger_silence.rb:20:in `silence'
activesupport (5.0.0) lib/active_support/logger.rb:63:in `block (3 levels) in broadcast'
activesupport (5.0.0) lib/active_support/logger_silence.rb:20:in `silence'
activesupport (5.0.0) lib/active_support/logger.rb:61:in `block (2 levels) in broadcast'
sprockets-rails (3.1.1) lib/sprockets/rails/quiet_assets.rb:11:in `call'
actionpack (5.0.0) lib/action_dispatch/middleware/request_id.rb:24:in `call'
rack (2.0.1) lib/rack/method_override.rb:22:in `call'
rack (2.0.1) lib/rack/runtime.rb:22:in `call'
activesupport (5.0.0) lib/active_support/cache/strategy/local_cache_middleware.rb:28:in `call'
actionpack (5.0.0) lib/action_dispatch/middleware/executor.rb:12:in `call'
actionpack (5.0.0) lib/action_dispatch/middleware/static.rb:136:in `call'
rack (2.0.1) lib/rack/sendfile.rb:111:in `call'
railties (5.0.0) lib/rails/engine.rb:522:in `call'
puma (3.6.0) lib/puma/configuration.rb:225:in `call'
puma (3.6.0) lib/puma/server.rb:578:in `handle_request'
puma (3.6.0) lib/puma/server.rb:415:in `process_client'
puma (3.6.0) lib/puma/server.rb:275:in `block in run'
puma (3.6.0) lib/puma/thread_pool.rb:116:in `block in spawn_thread'
  
ActionController::RoutingError (No route matches [GET] "/assets/regular/lato-regular.woff"):
  
actionpack (5.0.0) lib/action_dispatch/middleware/debug_exceptions.rb:53:in `call'
web-console (3.3.1) lib/web_console/middleware.rb:131:in `call_app'
web-console (3.3.1) lib/web_console/middleware.rb:28:in `block in call'
web-console (3.3.1) lib/web_console/middleware.rb:18:in `catch'
web-console (3.3.1) lib/web_console/middleware.rb:18:in `call'
actionpack (5.0.0) lib/action_dispatch/middleware/show_exceptions.rb:31:in `call'
railties (5.0.0) lib/rails/rack/logger.rb:36:in `call_app'
railties (5.0.0) lib/rails/rack/logger.rb:24:in `block in call'
activesupport (5.0.0) lib/active_support/tagged_logging.rb:70:in `block in tagged'
activesupport (5.0.0) lib/active_support/tagged_logging.rb:26:in `tagged'
activesupport (5.0.0) lib/active_support/tagged_logging.rb:70:in `tagged'
railties (5.0.0) lib/rails/rack/logger.rb:24:in `call'
sprockets-rails (3.1.1) lib/sprockets/rails/quiet_assets.rb:11:in `block in call'
activesupport (5.0.0) lib/active_support/logger_silence.rb:20:in `silence'
activesupport (5.0.0) lib/active_support/logger.rb:63:in `block (3 levels) in broadcast'
activesupport (5.0.0) lib/active_support/logger_silence.rb:20:in `silence'
activesupport (5.0.0) lib/active_support/logger.rb:61:in `block (2 levels) in broadcast'
sprockets-rails (3.1.1) lib/sprockets/rails/quiet_assets.rb:11:in `call'
actionpack (5.0.0) lib/action_dispatch/middleware/request_id.rb:24:in `call'
rack (2.0.1) lib/rack/method_override.rb:22:in `call'
rack (2.0.1) lib/rack/runtime.rb:22:in `call'
activesupport (5.0.0) lib/active_support/cache/strategy/local_cache_middleware.rb:28:in `call'
actionpack (5.0.0) lib/action_dispatch/middleware/executor.rb:12:in `call'
actionpack (5.0.0) lib/action_dispatch/middleware/static.rb:136:in `call'
rack (2.0.1) lib/rack/sendfile.rb:111:in `call'
railties (5.0.0) lib/rails/engine.rb:522:in `call'
puma (3.6.0) lib/puma/configuration.rb:225:in `call'
puma (3.6.0) lib/puma/server.rb:578:in `handle_request'
puma (3.6.0) lib/puma/server.rb:415:in `process_client'
puma (3.6.0) lib/puma/server.rb:275:in `block in run'
puma (3.6.0) lib/puma/thread_pool.rb:116:in `block in spawn_thread'
  
ActionController::RoutingError (No route matches [GET] "/assets/regular/lato-regular.ttf"):
  
actionpack (5.0.0) lib/action_dispatch/middleware/debug_exceptions.rb:53:in `call'
web-console (3.3.1) lib/web_console/middleware.rb:131:in `call_app'
web-console (3.3.1) lib/web_console/middleware.rb:28:in `block in call'
web-console (3.3.1) lib/web_console/middleware.rb:18:in `catch'
web-console (3.3.1) lib/web_console/middleware.rb:18:in `call'
actionpack (5.0.0) lib/action_dispatch/middleware/show_exceptions.rb:31:in `call'
railties (5.0.0) lib/rails/rack/logger.rb:36:in `call_app'
railties (5.0.0) lib/rails/rack/logger.rb:24:in `block in call'
activesupport (5.0.0) lib/active_support/tagged_logging.rb:70:in `block in tagged'
activesupport (5.0.0) lib/active_support/tagged_logging.rb:26:in `tagged'
activesupport (5.0.0) lib/active_support/tagged_logging.rb:70:in `tagged'
railties (5.0.0) lib/rails/rack/logger.rb:24:in `call'
sprockets-rails (3.1.1) lib/sprockets/rails/quiet_assets.rb:11:in `block in call'
activesupport (5.0.0) lib/active_support/logger_silence.rb:20:in `silence'
activesupport (5.0.0) lib/active_support/logger.rb:63:in `block (3 levels) in broadcast'
activesupport (5.0.0) lib/active_support/logger_silence.rb:20:in `silence'
activesupport (5.0.0) lib/active_support/logger.rb:61:in `block (2 levels) in broadcast'
sprockets-rails (3.1.1) lib/sprockets/rails/quiet_assets.rb:11:in `call'
actionpack (5.0.0) lib/action_dispatch/middleware/request_id.rb:24:in `call'
rack (2.0.1) lib/rack/method_override.rb:22:in `call'
rack (2.0.1) lib/rack/runtime.rb:22:in `call'
activesupport (5.0.0) lib/active_support/cache/strategy/local_cache_middleware.rb:28:in `call'
actionpack (5.0.0) lib/action_dispatch/middleware/executor.rb:12:in `call'
actionpack (5.0.0) lib/action_dispatch/middleware/static.rb:136:in `call'
rack (2.0.1) lib/rack/sendfile.rb:111:in `call'
railties (5.0.0) lib/rails/engine.rb:522:in `call'
puma (3.6.0) lib/puma/configuration.rb:225:in `call'
puma (3.6.0) lib/puma/server.rb:578:in `handle_request'
puma (3.6.0) lib/puma/server.rb:415:in `process_client'
puma (3.6.0) lib/puma/server.rb:275:in `block in run'
puma (3.6.0) lib/puma/thread_pool.rb:116:in `block in spawn_thread'
Started GET "/contact" for ::1 at 2017-05-31 23:19:19 +0530
Processing by ApplicationController#contact as HTML
  Rendering application/contact.html.slim within layouts/application
  Rendered application/contact.html.slim within layouts/application (6.5ms)
  Rendered layouts/_navigation.html.slim (5.4ms)
  Rendered layouts/_notifications.html.slim (3.5ms)
Completed 200 OK in 120ms (Views: 111.6ms | ActiveRecord: 0.0ms)


Started GET "/about" for ::1 at 2017-05-31 23:19:20 +0530
Processing by ApplicationController#about as HTML
  Rendering application/about.html.slim within layouts/application
  Rendered application/about.html.slim within layouts/application (5.1ms)
  Rendered layouts/_navigation.html.slim (6.2ms)
  Rendered layouts/_notifications.html.slim (4.9ms)
Completed 200 OK in 98ms (Views: 92.8ms | ActiveRecord: 0.0ms)


Started GET "/about" for ::1 at 2017-05-31 23:30:00 +0530
  [1m[36mActiveRecord::SchemaMigration Load (2.2ms)[0m  [1m[34mSELECT "schema_migrations".* FROM "schema_migrations"[0m
Processing by ApplicationController#about as HTML
  Rendering application/about.html.slim within layouts/application
  Rendered application/about.html.slim within layouts/application (18.8ms)
  Rendered layouts/_navigation.html.slim (8.8ms)
  Rendered layouts/_notifications.html.slim (3.6ms)
Completed 200 OK in 777ms (Views: 751.2ms | ActiveRecord: 0.0ms)


  
ActionController::RoutingError (No route matches [GET] "/assets/regular/lato-regular.woff2"):
  
actionpack (5.0.0) lib/action_dispatch/middleware/debug_exceptions.rb:53:in `call'
web-console (3.3.1) lib/web_console/middleware.rb:131:in `call_app'
web-console (3.3.1) lib/web_console/middleware.rb:28:in `block in call'
web-console (3.3.1) lib/web_console/middleware.rb:18:in `catch'
web-console (3.3.1) lib/web_console/middleware.rb:18:in `call'
actionpack (5.0.0) lib/action_dispatch/middleware/show_exceptions.rb:31:in `call'
railties (5.0.0) lib/rails/rack/logger.rb:36:in `call_app'
railties (5.0.0) lib/rails/rack/logger.rb:24:in `block in call'
activesupport (5.0.0) lib/active_support/tagged_logging.rb:70:in `block in tagged'
activesupport (5.0.0) lib/active_support/tagged_logging.rb:26:in `tagged'
activesupport (5.0.0) lib/active_support/tagged_logging.rb:70:in `tagged'
railties (5.0.0) lib/rails/rack/logger.rb:24:in `call'
sprockets-rails (3.1.1) lib/sprockets/rails/quiet_assets.rb:11:in `block in call'
activesupport (5.0.0) lib/active_support/logger_silence.rb:20:in `silence'
activesupport (5.0.0) lib/active_support/logger.rb:63:in `block (3 levels) in broadcast'
activesupport (5.0.0) lib/active_support/logger_silence.rb:20:in `silence'
activesupport (5.0.0) lib/active_support/logger.rb:61:in `block (2 levels) in broadcast'
sprockets-rails (3.1.1) lib/sprockets/rails/quiet_assets.rb:11:in `call'
actionpack (5.0.0) lib/action_dispatch/middleware/request_id.rb:24:in `call'
rack (2.0.1) lib/rack/method_override.rb:22:in `call'
rack (2.0.1) lib/rack/runtime.rb:22:in `call'
activesupport (5.0.0) lib/active_support/cache/strategy/local_cache_middleware.rb:28:in `call'
actionpack (5.0.0) lib/action_dispatch/middleware/executor.rb:12:in `call'
actionpack (5.0.0) lib/action_dispatch/middleware/static.rb:136:in `call'
rack (2.0.1) lib/rack/sendfile.rb:111:in `call'
railties (5.0.0) lib/rails/engine.rb:522:in `call'
puma (3.6.0) lib/puma/configuration.rb:225:in `call'
puma (3.6.0) lib/puma/server.rb:578:in `handle_request'
puma (3.6.0) lib/puma/server.rb:415:in `process_client'
puma (3.6.0) lib/puma/server.rb:275:in `block in run'
puma (3.6.0) lib/puma/thread_pool.rb:116:in `block in spawn_thread'
  
ActionController::RoutingError (No route matches [GET] "/assets/regular/lato-regular.woff"):
  
actionpack (5.0.0) lib/action_dispatch/middleware/debug_exceptions.rb:53:in `call'
web-console (3.3.1) lib/web_console/middleware.rb:131:in `call_app'
web-console (3.3.1) lib/web_console/middleware.rb:28:in `block in call'
web-console (3.3.1) lib/web_console/middleware.rb:18:in `catch'
web-console (3.3.1) lib/web_console/middleware.rb:18:in `call'
actionpack (5.0.0) lib/action_dispatch/middleware/show_exceptions.rb:31:in `call'
railties (5.0.0) lib/rails/rack/logger.rb:36:in `call_app'
railties (5.0.0) lib/rails/rack/logger.rb:24:in `block in call'
activesupport (5.0.0) lib/active_support/tagged_logging.rb:70:in `block in tagged'
activesupport (5.0.0) lib/active_support/tagged_logging.rb:26:in `tagged'
activesupport (5.0.0) lib/active_support/tagged_logging.rb:70:in `tagged'
railties (5.0.0) lib/rails/rack/logger.rb:24:in `call'
sprockets-rails (3.1.1) lib/sprockets/rails/quiet_assets.rb:11:in `block in call'
activesupport (5.0.0) lib/active_support/logger_silence.rb:20:in `silence'
activesupport (5.0.0) lib/active_support/logger.rb:63:in `block (3 levels) in broadcast'
activesupport (5.0.0) lib/active_support/logger_silence.rb:20:in `silence'
activesupport (5.0.0) lib/active_support/logger.rb:61:in `block (2 levels) in broadcast'
sprockets-rails (3.1.1) lib/sprockets/rails/quiet_assets.rb:11:in `call'
actionpack (5.0.0) lib/action_dispatch/middleware/request_id.rb:24:in `call'
rack (2.0.1) lib/rack/method_override.rb:22:in `call'
rack (2.0.1) lib/rack/runtime.rb:22:in `call'
activesupport (5.0.0) lib/active_support/cache/strategy/local_cache_middleware.rb:28:in `call'
actionpack (5.0.0) lib/action_dispatch/middleware/executor.rb:12:in `call'
actionpack (5.0.0) lib/action_dispatch/middleware/static.rb:136:in `call'
rack (2.0.1) lib/rack/sendfile.rb:111:in `call'
railties (5.0.0) lib/rails/engine.rb:522:in `call'
puma (3.6.0) lib/puma/configuration.rb:225:in `call'
puma (3.6.0) lib/puma/server.rb:578:in `handle_request'
puma (3.6.0) lib/puma/server.rb:415:in `process_client'
puma (3.6.0) lib/puma/server.rb:275:in `block in run'
puma (3.6.0) lib/puma/thread_pool.rb:116:in `block in spawn_thread'
  
ActionController::RoutingError (No route matches [GET] "/assets/regular/lato-regular.ttf"):
  
actionpack (5.0.0) lib/action_dispatch/middleware/debug_exceptions.rb:53:in `call'
web-console (3.3.1) lib/web_console/middleware.rb:131:in `call_app'
web-console (3.3.1) lib/web_console/middleware.rb:28:in `block in call'
web-console (3.3.1) lib/web_console/middleware.rb:18:in `catch'
web-console (3.3.1) lib/web_console/middleware.rb:18:in `call'
actionpack (5.0.0) lib/action_dispatch/middleware/show_exceptions.rb:31:in `call'
railties (5.0.0) lib/rails/rack/logger.rb:36:in `call_app'
railties (5.0.0) lib/rails/rack/logger.rb:24:in `block in call'
activesupport (5.0.0) lib/active_support/tagged_logging.rb:70:in `block in tagged'
activesupport (5.0.0) lib/active_support/tagged_logging.rb:26:in `tagged'
activesupport (5.0.0) lib/active_support/tagged_logging.rb:70:in `tagged'
railties (5.0.0) lib/rails/rack/logger.rb:24:in `call'
sprockets-rails (3.1.1) lib/sprockets/rails/quiet_assets.rb:11:in `block in call'
activesupport (5.0.0) lib/active_support/logger_silence.rb:20:in `silence'
activesupport (5.0.0) lib/active_support/logger.rb:63:in `block (3 levels) in broadcast'
activesupport (5.0.0) lib/active_support/logger_silence.rb:20:in `silence'
activesupport (5.0.0) lib/active_support/logger.rb:61:in `block (2 levels) in broadcast'
sprockets-rails (3.1.1) lib/sprockets/rails/quiet_assets.rb:11:in `call'
actionpack (5.0.0) lib/action_dispatch/middleware/request_id.rb:24:in `call'
rack (2.0.1) lib/rack/method_override.rb:22:in `call'
rack (2.0.1) lib/rack/runtime.rb:22:in `call'
activesupport (5.0.0) lib/active_support/cache/strategy/local_cache_middleware.rb:28:in `call'
actionpack (5.0.0) lib/action_dispatch/middleware/executor.rb:12:in `call'
actionpack (5.0.0) lib/action_dispatch/middleware/static.rb:136:in `call'
rack (2.0.1) lib/rack/sendfile.rb:111:in `call'
railties (5.0.0) lib/rails/engine.rb:522:in `call'
puma (3.6.0) lib/puma/configuration.rb:225:in `call'
puma (3.6.0) lib/puma/server.rb:578:in `handle_request'
puma (3.6.0) lib/puma/server.rb:415:in `process_client'
puma (3.6.0) lib/puma/server.rb:275:in `block in run'
puma (3.6.0) lib/puma/thread_pool.rb:116:in `block in spawn_thread'
Started GET "/about" for ::1 at 2017-05-31 23:30:45 +0530
  [1m[36mActiveRecord::SchemaMigration Load (2.3ms)[0m  [1m[34mSELECT "schema_migrations".* FROM "schema_migrations"[0m
Processing by ApplicationController#about as HTML
  Rendering application/about.html.slim within layouts/application
  Rendered application/about.html.slim within layouts/application (29.0ms)
  Rendered layouts/_navigation.html.slim (17.6ms)
  Rendered layouts/_notifications.html.slim (6.0ms)
Completed 200 OK in 1284ms (Views: 1236.5ms | ActiveRecord: 0.0ms)


  
ActionController::RoutingError (No route matches [GET] "/assets/regular/lato-regular.woff2"):
  
actionpack (5.0.0) lib/action_dispatch/middleware/debug_exceptions.rb:53:in `call'
web-console (3.3.1) lib/web_console/middleware.rb:131:in `call_app'
web-console (3.3.1) lib/web_console/middleware.rb:28:in `block in call'
web-console (3.3.1) lib/web_console/middleware.rb:18:in `catch'
web-console (3.3.1) lib/web_console/middleware.rb:18:in `call'
actionpack (5.0.0) lib/action_dispatch/middleware/show_exceptions.rb:31:in `call'
railties (5.0.0) lib/rails/rack/logger.rb:36:in `call_app'
railties (5.0.0) lib/rails/rack/logger.rb:24:in `block in call'
activesupport (5.0.0) lib/active_support/tagged_logging.rb:70:in `block in tagged'
activesupport (5.0.0) lib/active_support/tagged_logging.rb:26:in `tagged'
activesupport (5.0.0) lib/active_support/tagged_logging.rb:70:in `tagged'
railties (5.0.0) lib/rails/rack/logger.rb:24:in `call'
sprockets-rails (3.1.1) lib/sprockets/rails/quiet_assets.rb:11:in `block in call'
activesupport (5.0.0) lib/active_support/logger_silence.rb:20:in `silence'
activesupport (5.0.0) lib/active_support/logger.rb:63:in `block (3 levels) in broadcast'
activesupport (5.0.0) lib/active_support/logger_silence.rb:20:in `silence'
activesupport (5.0.0) lib/active_support/logger.rb:61:in `block (2 levels) in broadcast'
sprockets-rails (3.1.1) lib/sprockets/rails/quiet_assets.rb:11:in `call'
actionpack (5.0.0) lib/action_dispatch/middleware/request_id.rb:24:in `call'
rack (2.0.1) lib/rack/method_override.rb:22:in `call'
rack (2.0.1) lib/rack/runtime.rb:22:in `call'
activesupport (5.0.0) lib/active_support/cache/strategy/local_cache_middleware.rb:28:in `call'
actionpack (5.0.0) lib/action_dispatch/middleware/executor.rb:12:in `call'
actionpack (5.0.0) lib/action_dispatch/middleware/static.rb:136:in `call'
rack (2.0.1) lib/rack/sendfile.rb:111:in `call'
railties (5.0.0) lib/rails/engine.rb:522:in `call'
puma (3.6.0) lib/puma/configuration.rb:225:in `call'
puma (3.6.0) lib/puma/server.rb:578:in `handle_request'
puma (3.6.0) lib/puma/server.rb:415:in `process_client'
puma (3.6.0) lib/puma/server.rb:275:in `block in run'
puma (3.6.0) lib/puma/thread_pool.rb:116:in `block in spawn_thread'
  
ActionController::RoutingError (No route matches [GET] "/assets/regular/lato-regular.woff"):
  
actionpack (5.0.0) lib/action_dispatch/middleware/debug_exceptions.rb:53:in `call'
web-console (3.3.1) lib/web_console/middleware.rb:131:in `call_app'
web-console (3.3.1) lib/web_console/middleware.rb:28:in `block in call'
web-console (3.3.1) lib/web_console/middleware.rb:18:in `catch'
web-console (3.3.1) lib/web_console/middleware.rb:18:in `call'
actionpack (5.0.0) lib/action_dispatch/middleware/show_exceptions.rb:31:in `call'
railties (5.0.0) lib/rails/rack/logger.rb:36:in `call_app'
railties (5.0.0) lib/rails/rack/logger.rb:24:in `block in call'
activesupport (5.0.0) lib/active_support/tagged_logging.rb:70:in `block in tagged'
activesupport (5.0.0) lib/active_support/tagged_logging.rb:26:in `tagged'
activesupport (5.0.0) lib/active_support/tagged_logging.rb:70:in `tagged'
railties (5.0.0) lib/rails/rack/logger.rb:24:in `call'
sprockets-rails (3.1.1) lib/sprockets/rails/quiet_assets.rb:11:in `block in call'
activesupport (5.0.0) lib/active_support/logger_silence.rb:20:in `silence'
activesupport (5.0.0) lib/active_support/logger.rb:63:in `block (3 levels) in broadcast'
activesupport (5.0.0) lib/active_support/logger_silence.rb:20:in `silence'
activesupport (5.0.0) lib/active_support/logger.rb:61:in `block (2 levels) in broadcast'
sprockets-rails (3.1.1) lib/sprockets/rails/quiet_assets.rb:11:in `call'
actionpack (5.0.0) lib/action_dispatch/middleware/request_id.rb:24:in `call'
rack (2.0.1) lib/rack/method_override.rb:22:in `call'
rack (2.0.1) lib/rack/runtime.rb:22:in `call'
activesupport (5.0.0) lib/active_support/cache/strategy/local_cache_middleware.rb:28:in `call'
actionpack (5.0.0) lib/action_dispatch/middleware/executor.rb:12:in `call'
actionpack (5.0.0) lib/action_dispatch/middleware/static.rb:136:in `call'
rack (2.0.1) lib/rack/sendfile.rb:111:in `call'
railties (5.0.0) lib/rails/engine.rb:522:in `call'
puma (3.6.0) lib/puma/configuration.rb:225:in `call'
puma (3.6.0) lib/puma/server.rb:578:in `handle_request'
puma (3.6.0) lib/puma/server.rb:415:in `process_client'
puma (3.6.0) lib/puma/server.rb:275:in `block in run'
puma (3.6.0) lib/puma/thread_pool.rb:116:in `block in spawn_thread'
  
ActionController::RoutingError (No route matches [GET] "/assets/regular/lato-regular.ttf"):
  
actionpack (5.0.0) lib/action_dispatch/middleware/debug_exceptions.rb:53:in `call'
web-console (3.3.1) lib/web_console/middleware.rb:131:in `call_app'
web-console (3.3.1) lib/web_console/middleware.rb:28:in `block in call'
web-console (3.3.1) lib/web_console/middleware.rb:18:in `catch'
web-console (3.3.1) lib/web_console/middleware.rb:18:in `call'
actionpack (5.0.0) lib/action_dispatch/middleware/show_exceptions.rb:31:in `call'
railties (5.0.0) lib/rails/rack/logger.rb:36:in `call_app'
railties (5.0.0) lib/rails/rack/logger.rb:24:in `block in call'
activesupport (5.0.0) lib/active_support/tagged_logging.rb:70:in `block in tagged'
activesupport (5.0.0) lib/active_support/tagged_logging.rb:26:in `tagged'
activesupport (5.0.0) lib/active_support/tagged_logging.rb:70:in `tagged'
railties (5.0.0) lib/rails/rack/logger.rb:24:in `call'
sprockets-rails (3.1.1) lib/sprockets/rails/quiet_assets.rb:11:in `block in call'
activesupport (5.0.0) lib/active_support/logger_silence.rb:20:in `silence'
activesupport (5.0.0) lib/active_support/logger.rb:63:in `block (3 levels) in broadcast'
activesupport (5.0.0) lib/active_support/logger_silence.rb:20:in `silence'
activesupport (5.0.0) lib/active_support/logger.rb:61:in `block (2 levels) in broadcast'
sprockets-rails (3.1.1) lib/sprockets/rails/quiet_assets.rb:11:in `call'
actionpack (5.0.0) lib/action_dispatch/middleware/request_id.rb:24:in `call'
rack (2.0.1) lib/rack/method_override.rb:22:in `call'
rack (2.0.1) lib/rack/runtime.rb:22:in `call'
activesupport (5.0.0) lib/active_support/cache/strategy/local_cache_middleware.rb:28:in `call'
actionpack (5.0.0) lib/action_dispatch/middleware/executor.rb:12:in `call'
actionpack (5.0.0) lib/action_dispatch/middleware/static.rb:136:in `call'
rack (2.0.1) lib/rack/sendfile.rb:111:in `call'
railties (5.0.0) lib/rails/engine.rb:522:in `call'
puma (3.6.0) lib/puma/configuration.rb:225:in `call'
puma (3.6.0) lib/puma/server.rb:578:in `handle_request'
puma (3.6.0) lib/puma/server.rb:415:in `process_client'
puma (3.6.0) lib/puma/server.rb:275:in `block in run'
puma (3.6.0) lib/puma/thread_pool.rb:116:in `block in spawn_thread'
Started GET "/contact" for ::1 at 2017-05-31 23:35:40 +0530
Processing by ApplicationController#contact as HTML
  Rendering application/contact.html.slim within layouts/application
  Rendered application/contact.html.slim within layouts/application (11.4ms)
  Rendered layouts/_navigation.html.slim (13.6ms)
  Rendered layouts/_notifications.html.slim (7.3ms)
Completed 200 OK in 300ms (Views: 280.2ms | ActiveRecord: 0.0ms)


Started GET "/" for ::1 at 2017-05-31 23:36:02 +0530
Processing by ApplicationController#home as HTML
  Rendering application/home.html.slim within layouts/application
  Rendered application/home.html.slim within layouts/application (13.4ms)
  Rendered layouts/_navigation.html.slim (9.8ms)
  Rendered layouts/_notifications.html.slim (16.9ms)
Completed 200 OK in 213ms (Views: 206.2ms | ActiveRecord: 0.0ms)


Started GET "/" for ::1 at 2017-05-31 23:36:11 +0530
Processing by ApplicationController#home as HTML
  Rendering application/home.html.slim within layouts/application
  Rendered application/home.html.slim within layouts/application (11.4ms)
  Rendered layouts/_navigation.html.slim (12.2ms)
  Rendered layouts/_notifications.html.slim (9.7ms)
Completed 200 OK in 182ms (Views: 175.9ms | ActiveRecord: 0.0ms)


Started GET "/contact" for ::1 at 2017-05-31 23:36:13 +0530
Processing by ApplicationController#contact as HTML
  Rendering application/contact.html.slim within layouts/application
  Rendered application/contact.html.slim within layouts/application (14.0ms)
  Rendered layouts/_navigation.html.slim (22.5ms)
  Rendered layouts/_notifications.html.slim (8.7ms)
Completed 200 OK in 290ms (Views: 283.3ms | ActiveRecord: 0.0ms)


Started GET "/" for ::1 at 2017-05-31 23:36:14 +0530
Processing by ApplicationController#home as HTML
  Rendering application/home.html.slim within layouts/application
  Rendered application/home.html.slim within layouts/application (15.2ms)
  Rendered layouts/_navigation.html.slim (11.9ms)
  Rendered layouts/_notifications.html.slim (6.1ms)
Completed 200 OK in 315ms (Views: 310.4ms | ActiveRecord: 0.0ms)


Started GET "/contact" for ::1 at 2017-05-31 23:36:36 +0530
Processing by ApplicationController#contact as HTML
  Rendering application/contact.html.slim within layouts/application
  Rendered application/contact.html.slim within layouts/application (10.3ms)
  Rendered layouts/_navigation.html.slim (14.6ms)
  Rendered layouts/_notifications.html.slim (14.0ms)
Completed 200 OK in 213ms (Views: 205.6ms | ActiveRecord: 0.0ms)


Started GET "/about" for ::1 at 2017-05-31 23:36:37 +0530
Processing by ApplicationController#about as HTML
  Rendering application/about.html.slim within layouts/application
  Rendered application/about.html.slim within layouts/application (13.1ms)
  Rendered layouts/_navigation.html.slim (14.9ms)
  Rendered layouts/_notifications.html.slim (16.3ms)
Completed 200 OK in 293ms (Views: 281.5ms | ActiveRecord: 0.0ms)


